2023-04-20 00:11:31 INFO  Log:12 - **
2023-04-20 00:11:31 INFO  Log:13 - **
2023-04-20 00:11:31 INFO  Log:14 - **This is the beginning of my Test case**
2023-04-20 00:11:31 INFO  Log:27 - My test case is executing right now
2023-04-20 00:11:31 INFO  Log:32 - My test case might have some trivial issues
2023-04-20 00:11:37 INFO  Log:27 - This test case is about to get completed
2023-04-20 00:11:37 INFO  Log:20 - ######################################
2023-04-20 00:11:37 INFO  Log:21 - ######################################
2023-04-20 00:11:37 INFO  Log:22 - #################This test case is finished#####################
2023-04-25 13:27:42 INFO  Log:12 - **
2023-04-25 13:27:42 INFO  Log:13 - **
2023-04-25 13:27:42 INFO  Log:14 - **This is the beginning of my Test case**
2023-04-25 13:27:42 INFO  Log:27 - My test case is executing right now
2023-04-25 13:27:42 INFO  Log:32 - My test case might have some trivial issues
2023-04-25 13:27:51 INFO  Log:27 - This test case is about to get completed
2023-04-25 13:27:51 INFO  Log:20 - ######################################
2023-04-25 13:27:51 INFO  Log:21 - ######################################
2023-04-25 13:27:51 INFO  Log:22 - #################This test case is finished#####################
2023-04-25 23:28:15 INFO  Log:12 - **
2023-04-25 23:28:15 INFO  Log:13 - **
2023-04-25 23:28:15 INFO  Log:14 - **This is the beginning of my Test case**
2023-04-25 23:28:15 INFO  Log:27 - My test case is executing right now
2023-04-25 23:28:15 INFO  Log:32 - My test case might have some trivial issues
2023-04-25 23:28:22 INFO  Log:27 - This test case is about to get completed
2023-04-25 23:28:22 INFO  Log:20 - ######################################
2023-04-25 23:28:22 INFO  Log:21 - ######################################
2023-04-25 23:28:22 INFO  Log:22 - #################This test case is finished#####################
